make -k all 
libgen -hw ../hw_platform/system.xml\
	       -lp I:/OPTOMOTIVE/OptomotiveSoftware/GigaBee_XC6LX-Axi_FLASHWRITER/repo\
	       -pe microblaze_0 \
	       -log libgen.log \
	       system.mss
libgen
Xilinx EDK 14.2 Build EDK_P.28xd
Copyright (c) 1995-2012 Xilinx, Inc.  All rights reserved.

Command Line: libgen -hw ../hw_platform/system.xml -lp
I:/OPTOMOTIVE/OptomotiveSoftware/GigaBee_XC6LX-Axi_FLASHWRITER/repo -pe
microblaze_0 -log libgen.log system.mss 

WARNING:EDK:411 - axiethernet -
   I:\OPTOMOTIVE\OptomotiveSoftware\GigaBee_XC6LX-Axi_FLASHWRITER\SDK\SDK_Worksp
   ace\standalone_bsp_lwip_xilmfs\system.mss line 27 - deprecated driver!
WARNING:EDK:411 - axidma -
   I:\OPTOMOTIVE\OptomotiveSoftware\GigaBee_XC6LX-Axi_FLASHWRITER\SDK\SDK_Worksp
   ace\standalone_bsp_lwip_xilmfs\system.mss line 33 - deprecated driver!
WARNING:EDK:411 - bram -
   I:\OPTOMOTIVE\OptomotiveSoftware\GigaBee_XC6LX-Axi_FLASHWRITER\SDK\SDK_Worksp
   ace\standalone_bsp_lwip_xilmfs\system.mss line 75 - deprecated driver!
WARNING:EDK:411 - bram -
   I:\OPTOMOTIVE\OptomotiveSoftware\GigaBee_XC6LX-Axi_FLASHWRITER\SDK\SDK_Worksp
   ace\standalone_bsp_lwip_xilmfs\system.mss line 81 - deprecated driver!
WARNING:EDK:411 - intc -
   I:\OPTOMOTIVE\OptomotiveSoftware\GigaBee_XC6LX-Axi_FLASHWRITER\SDK\SDK_Worksp
   ace\standalone_bsp_lwip_xilmfs\system.mss line 87 - deprecated driver!
WARNING:EDK:411 - spi -
   I:\OPTOMOTIVE\OptomotiveSoftware\GigaBee_XC6LX-Axi_FLASHWRITER\SDK\SDK_Worksp
   ace\standalone_bsp_lwip_xilmfs\system.mss line 93 - deprecated driver!
WARNING:EDK:411 - lwip130 -
   I:\OPTOMOTIVE\OptomotiveSoftware\GigaBee_XC6LX-Axi_FLASHWRITER\SDK\SDK_Worksp
   ace\standalone_bsp_lwip_xilmfs\system.mss line 112 - deprecated library!
WARNING:EDK:411 - standalone -
   I:\OPTOMOTIVE\OptomotiveSoftware\GigaBee_XC6LX-Axi_FLASHWRITER\SDK\SDK_Worksp
   ace\standalone_bsp_lwip_xilmfs\system.mss line 5 - deprecated os!

Staging source files.
Running DRCs.
Runnning DRC for lwIP library... 



lwIP can be used with the following EMAC peripherals found in your system:
ETHERNET

MFS DRC ...

Running generate.
Little Endian system

MFS generate ...

Running post_generate.
Running include - 'make -s include "COMPILER=mb-gcc" "ARCHIVER=mb-ar"
"COMPILER_FLAGS=-mlittle-endian -mno-xl-soft-mul -mxl-multiply-high
-mxl-barrel-shift -mxl-pattern-compare -mhard-float -mxl-float-convert
-mxl-float-sqrt -mno-xl-soft-div -mcpu=v8.20.a  -O2 -c"
"EXTRA_COMPILER_FLAGS=-g"'.
cp -r lwip-1.3.0/src/include/ipv4/lwip  ../../../include
cp -r lwip-1.3.0/src/include/lwip  ../../../include
cp -r lwip-1.3.0/src/include/netif  ../../../include
cp -r contrib/ports/xilinx/include/netif ../../../include
cp -r contrib/ports/xilinx/include/arch ../../../include
cp -r contrib/ports/xilinx/include/lwipopts.h ../../../include

Running libs - 'make -s libs "COMPILER=mb-gcc" "ARCHIVER=mb-ar"
"COMPILER_FLAGS=-mlittle-endian -mno-xl-soft-mul -mxl-multiply-high
-mxl-barrel-shift -mxl-pattern-compare -mhard-float -mxl-float-convert
-mxl-float-sqrt -mno-xl-soft-div -mcpu=v8.20.a  -O2 -c"
"EXTRA_COMPILER_FLAGS=-g"'.
"Compiling common"
"Compiling llfifo"
"Compiling standalone";
"Compiling lwIP"
"Compiling lwIP adapter for Xilinx MAC:"
"Creating archive liblwip4.a"
"Compiling gpio"
"Compiling axiethernet"
"Compiling axidma v3.00a"
"Compiling axi_onewire"
"Compiling spi"
"Compiling uartlite"
"Compiling tmrctr"
"Compiling bram"
"Compiling intc"
"Compiling cpu"
Running execs_generate.
'Finished building libraries'
