make -k all 
libgen -hw ../hw_platform_64kbram_QSPIflash/system.xml\
	       -lp C:/XilinxWorkspace/GigaBee_XC6LX-Axi_original/repo\
	       -pe microblaze_0 \
	       -log libgen.log \
	       system.mss
libgen
Xilinx EDK 13.3 Build EDK_O.76xd
Copyright (c) 1995-2011 Xilinx, Inc.  All rights reserved.

Command Line: libgen -hw ../hw_platform_64kbram_QSPIflash/system.xml -lp
C:/XilinxWorkspace/GigaBee_XC6LX-Axi_original/repo -pe microblaze_0 -log
libgen.log system.mss 

WARNING:EDK:411 - axiethernet -
   C:\XilinxWorkspace\GigaBee_XC6LX-Axi_original\SDK\SDK_Workspace\standalone_bs
   p_no_lwip_flash\system.mss line 27 - deprecated driver!
WARNING:EDK:411 - axidma -
   C:\XilinxWorkspace\GigaBee_XC6LX-Axi_original\SDK\SDK_Workspace\standalone_bs
   p_no_lwip_flash\system.mss line 33 - deprecated driver!

Staging source files.
Running DRCs.
Running DRC for XilIsf library... 



Running generate.
Running post_generate.
Running include - 'make -s include "COMPILER=mb-gcc" "ARCHIVER=mb-ar"
"COMPILER_FLAGS=-mlittle-endian -mno-xl-soft-mul -mxl-multiply-high
-mxl-barrel-shift -mxl-pattern-compare -mhard-float -mxl-float-convert
-mxl-float-sqrt -mno-xl-soft-div -mcpu=v8.20.a  -O2 -c"
"EXTRA_COMPILER_FLAGS=-g"'.

Running libs - 'make -s libs "COMPILER=mb-gcc" "ARCHIVER=mb-ar"
"COMPILER_FLAGS=-mlittle-endian -mno-xl-soft-mul -mxl-multiply-high
-mxl-barrel-shift -mxl-pattern-compare -mhard-float -mxl-float-convert
-mxl-float-sqrt -mno-xl-soft-div -mcpu=v8.20.a  -O2 -c"
"EXTRA_COMPILER_FLAGS=-g"'.
"Compiling common"
"Compiling llfifo"
"Compiling standalone";
"Compiling XilIsf Library"
"Creating archive libxilisf.a"
"Compiling gpio"
"Compiling axiethernet"
"Compiling axidma v3.00a"
"Compiling spi"
"Compiling uartlite"
"Compiling tmrctr"
"Compiling bram"
"Compiling intc"
"Compiling cpu"
Running execs_generate.
'Finished building libraries'
