
bitinit version Xilinx EDK 13.2 Build EDK_O.61xd
Copyright (c) Xilinx Inc. 2002.

Parsing MHS File system.mhs...

Overriding IP level properties ...
INFO:EDK:4130 - IPNAME: axi_interconnect, INSTANCE:axi4_0 - tcl is overriding
   PARAMETER C_BASEFAMILY value to spartan6 -
   C:\Xilinx\13.2\ISE_DS\EDK\hw\XilinxProcessorIPLib\pcores\axi_interconnect_v1_
   03_a\data\axi_interconnect_v2_1_0.mpd line 78 
INFO:EDK:4130 - IPNAME: axi_interconnect, INSTANCE:axi4lite_0 - tcl is
   overriding PARAMETER C_BASEFAMILY value to spartan6 -
   C:\Xilinx\13.2\ISE_DS\EDK\hw\XilinxProcessorIPLib\pcores\axi_interconnect_v1_
   03_a\data\axi_interconnect_v2_1_0.mpd line 78 
INFO:EDK:4130 - IPNAME: microblaze, INSTANCE:microblaze_0 - tcl is overriding
   PARAMETER C_ENDIANNESS value to 1 -
   C:\Xilinx\13.2\ISE_DS\EDK\hw\XilinxProcessorIPLib\pcores\microblaze_v8_20_a\d
   ata\microblaze_v2_1_0.mpd line 194 
INFO:EDK:4130 - IPNAME: microblaze, INSTANCE:microblaze_0 - tcl is overriding
   PARAMETER C_ICACHE_USE_FSL value to 0 -
   C:\Xilinx\13.2\ISE_DS\EDK\hw\XilinxProcessorIPLib\pcores\microblaze_v8_20_a\d
   ata\microblaze_v2_1_0.mpd line 333 
INFO:EDK:4130 - IPNAME: microblaze, INSTANCE:microblaze_0 - tcl is overriding
   PARAMETER C_DCACHE_USE_FSL value to 0 -
   C:\Xilinx\13.2\ISE_DS\EDK\hw\XilinxProcessorIPLib\pcores\microblaze_v8_20_a\d
   ata\microblaze_v2_1_0.mpd line 363 
INFO:EDK:4130 - IPNAME: microblaze, INSTANCE:microblaze_0 - tcl is overriding
   PARAMETER C_DCACHE_INTERFACE value to 1 -
   C:\Xilinx\13.2\ISE_DS\EDK\hw\XilinxProcessorIPLib\pcores\microblaze_v8_20_a\d
   ata\microblaze_v2_1_0.mpd line 366 
INFO:EDK:4130 - IPNAME: axi_s6_ddrx, INSTANCE:MCB_DDR3 - tcl is overriding
   PARAMETER C_SYS_RST_PRESENT value to 1 -
   C:\Xilinx\13.2\ISE_DS\EDK\hw\XilinxProcessorIPLib\pcores\axi_s6_ddrx_v1_03_a\
   data\axi_s6_ddrx_v2_1_0.mpd line 237 

Computing clock values...
INFO:EDK:740 - Cannot determine the input clock associated with port :
   microblaze_0_i_bram_ctrl:BRAM_Clk_A. Clock DRCs will not be performed on this
   core and cores connected to it. 
INFO:EDK:740 - Cannot determine the input clock associated with port :
   microblaze_0_d_bram_ctrl:BRAM_Clk_A. Clock DRCs will not be performed on this
   core and cores connected to it. 

Performing IP level DRCs on properties...

Running DRC Tcl procedures for OPTION IPLEVEL_DRC_PROC...
Address Map for Processor microblaze_0
  (0000000000-0x00001fff) microblaze_0_d_bram_ctrl	microblaze_0_dlmb
  (0000000000-0x00001fff) microblaze_0_i_bram_ctrl	microblaze_0_ilmb
  (0x40000000-0x4000ffff) Push_Buttons_4Bits	axi4lite_0
  (0x40020000-0x4002ffff) LEDs_4Bits	axi4lite_0
  (0x40040000-0x4004ffff) DIP_Switches_4Bits	axi4lite_0
  (0x40600000-0x4060ffff) RS232_Uart_1	axi4lite_0
  (0x40e00000-0x40e0ffff) Ethernet_Lite	axi4lite_0
  (0x41200000-0x4120ffff) microblaze_0_intc	axi4lite_0
  (0x41c00000-0x41c0ffff) axi_timer_0	axi4lite_0
  (0x74800000-0x7480ffff) debug_module	axi4lite_0
  (0xc0000000-0xc7ffffff) MCB_DDR3	axi4_0
INFO:EDK:4087 - IPNAME: axi_ethernetlite, INSTANCE: Ethernet_Lite - This design
   requires design constraints to guarantee performance.
   Please refer to the data sheet for details.  
   The AXI clock frequency must be greater than or equal to 50 MHz for 100 Mbs
   Ethernet operation and greater than or equal to 5.0 MHz for 10 Mbs Ethernet
   operation. -
   C:\Projects\Trenz\repos\TE060X-GigaBee-Reference-Designs\GigaBee_XC6LX-Axi_li
   te\hw\system.mhs line 369
INFO:EDK:4130 - IPNAME: lmb_v10, INSTANCE:microblaze_0_ilmb - tool is overriding
   PARAMETER C_LMB_NUM_SLAVES value to 1 -
   C:\Xilinx\13.2\ISE_DS\EDK\hw\XilinxProcessorIPLib\pcores\lmb_v10_v2_00_b\data
   \lmb_v10_v2_1_0.mpd line 79 
INFO:EDK:4130 - IPNAME: lmb_v10, INSTANCE:microblaze_0_dlmb - tool is overriding
   PARAMETER C_LMB_NUM_SLAVES value to 1 -
   C:\Xilinx\13.2\ISE_DS\EDK\hw\XilinxProcessorIPLib\pcores\lmb_v10_v2_00_b\data
   \lmb_v10_v2_1_0.mpd line 79 
INFO:EDK:4130 - IPNAME: bram_block, INSTANCE:microblaze_0_bram_block - tool is
   overriding PARAMETER C_MEMSIZE value to 0x2000 -
   C:\Xilinx\13.2\ISE_DS\EDK\hw\XilinxProcessorIPLib\pcores\bram_block_v1_00_a\d
   ata\bram_block_v2_1_0.mpd line 76 

Checking platform address map ...

Initializing Memory...
Running Data2Mem with the following command:
data2mem -bm "implementation/system_bd" -p xc6slx45fgg484-3 -bt
"implementation/system.bit"  -bd "bootloops/microblaze_0.elf" tag microblaze_0 
-o b implementation/download.bit 
Memory Initialization completed successfully.

