
Checking platform configuration ...
IPNAME: axi_interconnect, INSTANCE: axi4_0 - 2 master(s) : 1 slave(s) 
IPNAME: axi_interconnect, INSTANCE: axi4lite_0 - 1 master(s) : 8 slave(s) 
IPNAME: lmb_v10, INSTANCE: microblaze_0_ilmb - 1 master(s) : 1 slave(s) 
IPNAME: lmb_v10, INSTANCE: microblaze_0_dlmb - 1 master(s) : 1 slave(s) 

Checking port drivers...
WARNING:EDK:4180 - PORT: bscan_tdo1, CONNECTOR: bscan_tdo1 - No driver found.
   Port will be driven to GND -
   C:\Xilinx\13.2\ISE_DS\EDK\hw\XilinxProcessorIPLib\pcores\mdm_v2_00_b\data\mdm
   _v2_1_0.mpd line 239 
WARNING:EDK:4181 - PORT: CLKOUT1, CONNECTOR: clk_125_0000MHz - floating
   connection -
   C:\Projects\Trenz\repos\TE060X-GigaBee-Reference-Designs\GigaBee_XC6LX-Axi_li
   te\hw\system.mhs line 220 
WARNING:EDK:4181 - PORT: CLKOUT2, CONNECTOR: clk_200_0000MHzPLL0 - floating
   connection -
   C:\Projects\Trenz\repos\TE060X-GigaBee-Reference-Designs\GigaBee_XC6LX-Axi_li
   te\hw\system.mhs line 221 
WARNING:EDK:4181 - PORT: bscan_tdi, CONNECTOR: bscan_tdi - floating connection -
   C:\Xilinx\13.2\ISE_DS\EDK\hw\XilinxProcessorIPLib\pcores\mdm_v2_00_b\data\mdm
   _v2_1_0.mpd line 232 
WARNING:EDK:4181 - PORT: bscan_reset, CONNECTOR: bscan_reset - floating
   connection -
   C:\Xilinx\13.2\ISE_DS\EDK\hw\XilinxProcessorIPLib\pcores\mdm_v2_00_b\data\mdm
   _v2_1_0.mpd line 233 
WARNING:EDK:4181 - PORT: bscan_shift, CONNECTOR: bscan_shift - floating
   connection -
   C:\Xilinx\13.2\ISE_DS\EDK\hw\XilinxProcessorIPLib\pcores\mdm_v2_00_b\data\mdm
   _v2_1_0.mpd line 234 
WARNING:EDK:4181 - PORT: bscan_update, CONNECTOR: bscan_update - floating
   connection -
   C:\Xilinx\13.2\ISE_DS\EDK\hw\XilinxProcessorIPLib\pcores\mdm_v2_00_b\data\mdm
   _v2_1_0.mpd line 235 
WARNING:EDK:4181 - PORT: bscan_capture, CONNECTOR: bscan_capture - floating
   connection -
   C:\Xilinx\13.2\ISE_DS\EDK\hw\XilinxProcessorIPLib\pcores\mdm_v2_00_b\data\mdm
   _v2_1_0.mpd line 236 
WARNING:EDK:4181 - PORT: bscan_sel1, CONNECTOR: bscan_sel1 - floating connection
   -
   C:\Xilinx\13.2\ISE_DS\EDK\hw\XilinxProcessorIPLib\pcores\mdm_v2_00_b\data\mdm
   _v2_1_0.mpd line 237 
WARNING:EDK:4181 - PORT: bscan_drck1, CONNECTOR: bscan_drck1 - floating
   connection -
   C:\Xilinx\13.2\ISE_DS\EDK\hw\XilinxProcessorIPLib\pcores\mdm_v2_00_b\data\mdm
   _v2_1_0.mpd line 238 

Performing Clock DRCs...

Performing Reset DRCs...

Overriding system level properties...

INFO: Setting C_RANGE_CHECK = OFF for axi_interconnect axi4_0; no DECERR
checking will be performed.

INFO: Setting C_RANGE_CHECK = ON for axi_interconnect axi4lite_0.

Running system level update procedures...

Running UPDATE Tcl procedures for OPTION SYSLEVEL_UPDATE_PROC...
Invoking MIG ...
MIG returned 0
****** Unhandled UCF line: INST
"memc?_wrapper_inst/mcb_ui_top_inst/mcb_raw_wrapper_inst/gen_term_calib.mcb_soft
_calibration_top_inst/mcb_soft_calibration_inst/DONE_SOFTANDHARD_CAL*" TIG;

Running system level DRCs...

Performing System level DRCs on properties...

Running DRC Tcl procedures for OPTION SYSLEVEL_DRC_PROC...
Port present in Ethernet_Lite
Did not find device sumary in axi4_0's synthesis log file
Did not find timing summary in axi4_0's synthesis log file
Did not find device sumary in axi4lite_0's synthesis log file
Did not find timing summary in axi4lite_0's synthesis log file
Did not find device sumary in microblaze_0's synthesis log file
Did not find timing summary in microblaze_0's synthesis log file
Did not find device sumary in microblaze_0_ilmb's synthesis log file
Did not find timing summary in microblaze_0_ilmb's synthesis log file
Did not find device sumary in microblaze_0_dlmb's synthesis log file
Did not find timing summary in microblaze_0_dlmb's synthesis log file
Did not find device sumary in microblaze_0_i_bram_ctrl's synthesis log file
Did not find timing summary in microblaze_0_i_bram_ctrl's synthesis log file
Did not find device sumary in microblaze_0_d_bram_ctrl's synthesis log file
Did not find timing summary in microblaze_0_d_bram_ctrl's synthesis log file
Did not find device sumary in microblaze_0_bram_block's synthesis log file
Did not find timing summary in microblaze_0_bram_block's synthesis log file
Did not find device sumary in proc_sys_reset_0's synthesis log file
Did not find timing summary in proc_sys_reset_0's synthesis log file
Did not find device sumary in clock_generator_0's synthesis log file
Did not find timing summary in clock_generator_0's synthesis log file
Did not find device sumary in clock_generator_1's synthesis log file
Did not find timing summary in clock_generator_1's synthesis log file
Did not find device sumary in debug_module's synthesis log file
Did not find timing summary in debug_module's synthesis log file
Did not find device sumary in RS232_Uart_1's synthesis log file
Did not find timing summary in RS232_Uart_1's synthesis log file
Did not find device sumary in DIP_Switches_4Bits's synthesis log file
Did not find timing summary in DIP_Switches_4Bits's synthesis log file
Did not find device sumary in LEDs_4Bits's synthesis log file
Did not find timing summary in LEDs_4Bits's synthesis log file
Did not find device sumary in Push_Buttons_4Bits's synthesis log file
Did not find timing summary in Push_Buttons_4Bits's synthesis log file
Did not find device sumary in MCB_DDR3's synthesis log file
Did not find timing summary in MCB_DDR3's synthesis log file
Did not find device sumary in Ethernet_Lite's synthesis log file
Did not find timing summary in Ethernet_Lite's synthesis log file
Did not find device sumary in axi_timer_0's synthesis log file
Did not find timing summary in axi_timer_0's synthesis log file
Did not find device sumary in microblaze_0_intc's synthesis log file
Did not find timing summary in microblaze_0_intc's synthesis log file
Conversion to XML complete.
